<?xml version="1.0" encoding="UTF-8"?>
<!-- Generated by org.testng.reporters.JUnitReportReporter -->
<testsuite hostname="LAPTOP-M1B6477F" failures="0" tests="1" name="TestCases.verifyLogin" time="3.991" errors="0" timestamp="2022-11-03T17:33:27 IST" skipped="0">
  <testcase classname="TestCases.verifyLogin" name="login" time="3.991"/>
  <system-out/>
</testsuite> <!-- TestCases.verifyLogin -->
