<?xml version="1.0" encoding="UTF-8"?>
<!-- Generated by org.testng.reporters.JUnitReportReporter -->
<testsuite hostname="LAPTOP-M1B6477F" failures="0" tests="1" name="TestCases.verifySignup" time="8.601" errors="0" timestamp="2022-11-03T17:33:27 IST" skipped="0">
  <testcase classname="TestCases.verifySignup" name="signup" time="8.601"/>
  <system-out/>
</testsuite> <!-- TestCases.verifySignup -->
